
* Info: Selecting the 'perf-low-ppn' engine for node DESKTOP-8JEBTPG

* Info: "ref-cycles" not supported on DESKTOP-8JEBTPG: fallback to "cpu-clock"
* Info: Process launched (host DESKTOP-8JEBTPG, process 1686)
[1mTotal memory size:[0m 393216 B, 384 KiB, 0 MiB

[1m Step    Time, s Interact/s  GFLOP/s[0m
    0  5.691e+00  4.716e+07      1.1 *
    1  5.531e+00  4.853e+07      1.1 *
    2  5.824e+00  4.609e+07      1.1 *
    3  5.758e+00  4.662e+07      1.1 
    4  5.813e+00  4.617e+07      1.1 
    5  5.763e+00  4.658e+07      1.1 
    6  5.886e+00  4.561e+07      1.0 
    7  5.737e+00  4.679e+07      1.1 
    8  5.865e+00  4.576e+07      1.1 
    9  5.834e+00  4.601e+07      1.1 
-----------------------------------------------------
[1mAverage performance:      [42m       1.1 +- 0.0 GFLOP/s[0m
-----------------------------------------------------

* Info: Process finished (host DESKTOP-8JEBTPG, process 1686)
* Info: Dumping samples (host DESKTOP-8JEBTPG, process 1686)
* Info: Dumping source info for callchain nodes (host DESKTOP-8JEBTPG, process 1686)
* Info: Building/writing metadata (host DESKTOP-8JEBTPG)
* Info: Finished collect step (host DESKTOP-8JEBTPG, process 1686)

Your experiment path is /mnt/d/isty/IATIC5/new/projet_optimisation/nbody3D/maqao_2023-02-22_19-38-40/tools/lprof_npsu_run_0

To display your profiling results:
###############################################################################################################################################################
#    LEVEL    |     REPORT     |                                                           COMMAND                                                            #
###############################################################################################################################################################
#  Functions  |  Cluster-wide  |  maqao lprof -df xp=/mnt/d/isty/IATIC5/new/projet_optimisation/nbody3D/maqao_2023-02-22_19-38-40/tools/lprof_npsu_run_0      #
#  Functions  |  Per-node      |  maqao lprof -df -dn xp=/mnt/d/isty/IATIC5/new/projet_optimisation/nbody3D/maqao_2023-02-22_19-38-40/tools/lprof_npsu_run_0  #
#  Functions  |  Per-process   |  maqao lprof -df -dp xp=/mnt/d/isty/IATIC5/new/projet_optimisation/nbody3D/maqao_2023-02-22_19-38-40/tools/lprof_npsu_run_0  #
#  Functions  |  Per-thread    |  maqao lprof -df -dt xp=/mnt/d/isty/IATIC5/new/projet_optimisation/nbody3D/maqao_2023-02-22_19-38-40/tools/lprof_npsu_run_0  #
#  Loops      |  Cluster-wide  |  maqao lprof -dl xp=/mnt/d/isty/IATIC5/new/projet_optimisation/nbody3D/maqao_2023-02-22_19-38-40/tools/lprof_npsu_run_0      #
#  Loops      |  Per-node      |  maqao lprof -dl -dn xp=/mnt/d/isty/IATIC5/new/projet_optimisation/nbody3D/maqao_2023-02-22_19-38-40/tools/lprof_npsu_run_0  #
#  Loops      |  Per-process   |  maqao lprof -dl -dp xp=/mnt/d/isty/IATIC5/new/projet_optimisation/nbody3D/maqao_2023-02-22_19-38-40/tools/lprof_npsu_run_0  #
#  Loops      |  Per-thread    |  maqao lprof -dl -dt xp=/mnt/d/isty/IATIC5/new/projet_optimisation/nbody3D/maqao_2023-02-22_19-38-40/tools/lprof_npsu_run_0  #
###############################################################################################################################################################

