
* Info: Selecting the 'perf-low-ppn' engine for node DESKTOP-8JEBTPG

* Info: "ref-cycles" not supported on DESKTOP-8JEBTPG: fallback to "cpu-clock"
* Info: Process launched (host DESKTOP-8JEBTPG, process 2153)
[1mTotal memory size:[0m 393216 B, 384 KiB, 0 MiB

[1m Step    Time, s Interact/s  GFLOP/s[0m
    0  1.204e+00  2.229e+08      5.1 *
    1  1.478e+00  1.816e+08      4.2 *
    2  1.244e+00  2.158e+08      5.0 *
    3  1.176e+00  2.283e+08      5.3 
    4  1.226e+00  2.189e+08      5.0 
    5  1.754e+00  1.531e+08      3.5 
    6  1.820e+00  1.475e+08      3.4 
    7  1.924e+00  1.395e+08      3.2 
    8  2.058e+00  1.304e+08      3.0 
    9  1.751e+00  1.533e+08      3.5 
-----------------------------------------------------
[1mAverage performance:      [42m       3.8 +- 0.8 GFLOP/s[0m
-----------------------------------------------------

* Info: Process finished (host DESKTOP-8JEBTPG, process 2153)
* Info: Dumping samples (host DESKTOP-8JEBTPG, process 2153)
* Info: Dumping source info for callchain nodes (host DESKTOP-8JEBTPG, process 2153)
* Info: Building/writing metadata (host DESKTOP-8JEBTPG)
* Info: Finished collect step (host DESKTOP-8JEBTPG, process 2153)

Your experiment path is /mnt/d/isty/IATIC5/new/projet_optimisation/nbody3D/maqao_2023-02-22_23-04-00/tools/lprof_npsu_run_0

To display your profiling results:
###############################################################################################################################################################
#    LEVEL    |     REPORT     |                                                           COMMAND                                                            #
###############################################################################################################################################################
#  Functions  |  Cluster-wide  |  maqao lprof -df xp=/mnt/d/isty/IATIC5/new/projet_optimisation/nbody3D/maqao_2023-02-22_23-04-00/tools/lprof_npsu_run_0      #
#  Functions  |  Per-node      |  maqao lprof -df -dn xp=/mnt/d/isty/IATIC5/new/projet_optimisation/nbody3D/maqao_2023-02-22_23-04-00/tools/lprof_npsu_run_0  #
#  Functions  |  Per-process   |  maqao lprof -df -dp xp=/mnt/d/isty/IATIC5/new/projet_optimisation/nbody3D/maqao_2023-02-22_23-04-00/tools/lprof_npsu_run_0  #
#  Functions  |  Per-thread    |  maqao lprof -df -dt xp=/mnt/d/isty/IATIC5/new/projet_optimisation/nbody3D/maqao_2023-02-22_23-04-00/tools/lprof_npsu_run_0  #
#  Loops      |  Cluster-wide  |  maqao lprof -dl xp=/mnt/d/isty/IATIC5/new/projet_optimisation/nbody3D/maqao_2023-02-22_23-04-00/tools/lprof_npsu_run_0      #
#  Loops      |  Per-node      |  maqao lprof -dl -dn xp=/mnt/d/isty/IATIC5/new/projet_optimisation/nbody3D/maqao_2023-02-22_23-04-00/tools/lprof_npsu_run_0  #
#  Loops      |  Per-process   |  maqao lprof -dl -dp xp=/mnt/d/isty/IATIC5/new/projet_optimisation/nbody3D/maqao_2023-02-22_23-04-00/tools/lprof_npsu_run_0  #
#  Loops      |  Per-thread    |  maqao lprof -dl -dt xp=/mnt/d/isty/IATIC5/new/projet_optimisation/nbody3D/maqao_2023-02-22_23-04-00/tools/lprof_npsu_run_0  #
###############################################################################################################################################################

