
* Info: Selecting the 'perf-low-ppn' engine for node DESKTOP-8JEBTPG

* Info: "ref-cycles" not supported on DESKTOP-8JEBTPG: fallback to "cpu-clock"
* Info: Process launched (host DESKTOP-8JEBTPG, process 1606)
[1mTotal memory size:[0m 393216 B, 384 KiB, 0 MiB

[1m Step    Time, s Interact/s  GFLOP/s[0m
    0  2.938e-01  9.135e+08     21.0 *
    1  2.906e-01  9.236e+08     21.2 *
    2  3.322e-01  8.080e+08     18.6 *
    3  3.046e-01  8.812e+08     20.3 
    4  2.876e-01  9.334e+08     21.5 
    5  3.023e-01  8.879e+08     20.4 
    6  3.208e-01  8.367e+08     19.2 
    7  3.169e-01  8.470e+08     19.5 
    8  3.238e-01  8.290e+08     19.1 
    9  3.618e-01  7.419e+08     17.1 
-----------------------------------------------------
[1mAverage performance:      [42m      19.6 +- 1.3 GFLOP/s[0m
-----------------------------------------------------

* Info: Process finished (host DESKTOP-8JEBTPG, process 1606)
* Info: Callchains info will be incomplete
* Info: Try to recompile your application with -fno-omit-frame-pointer or to rerun with btm=stack
* Info: Dumping samples (host DESKTOP-8JEBTPG, process 1606)
* Info: Dumping source info for callchain nodes (host DESKTOP-8JEBTPG, process 1606)
* Info: Building/writing metadata (host DESKTOP-8JEBTPG)
* Info: Finished collect step (host DESKTOP-8JEBTPG, process 1606)

Your experiment path is /mnt/d/isty/IATIC5/new/projet_optimisation/nbody3D/maqao_2023-02-22_19-21-55/tools/lprof_npsu_run_0

To display your profiling results:
###############################################################################################################################################################
#    LEVEL    |     REPORT     |                                                           COMMAND                                                            #
###############################################################################################################################################################
#  Functions  |  Cluster-wide  |  maqao lprof -df xp=/mnt/d/isty/IATIC5/new/projet_optimisation/nbody3D/maqao_2023-02-22_19-21-55/tools/lprof_npsu_run_0      #
#  Functions  |  Per-node      |  maqao lprof -df -dn xp=/mnt/d/isty/IATIC5/new/projet_optimisation/nbody3D/maqao_2023-02-22_19-21-55/tools/lprof_npsu_run_0  #
#  Functions  |  Per-process   |  maqao lprof -df -dp xp=/mnt/d/isty/IATIC5/new/projet_optimisation/nbody3D/maqao_2023-02-22_19-21-55/tools/lprof_npsu_run_0  #
#  Functions  |  Per-thread    |  maqao lprof -df -dt xp=/mnt/d/isty/IATIC5/new/projet_optimisation/nbody3D/maqao_2023-02-22_19-21-55/tools/lprof_npsu_run_0  #
#  Loops      |  Cluster-wide  |  maqao lprof -dl xp=/mnt/d/isty/IATIC5/new/projet_optimisation/nbody3D/maqao_2023-02-22_19-21-55/tools/lprof_npsu_run_0      #
#  Loops      |  Per-node      |  maqao lprof -dl -dn xp=/mnt/d/isty/IATIC5/new/projet_optimisation/nbody3D/maqao_2023-02-22_19-21-55/tools/lprof_npsu_run_0  #
#  Loops      |  Per-process   |  maqao lprof -dl -dp xp=/mnt/d/isty/IATIC5/new/projet_optimisation/nbody3D/maqao_2023-02-22_19-21-55/tools/lprof_npsu_run_0  #
#  Loops      |  Per-thread    |  maqao lprof -dl -dt xp=/mnt/d/isty/IATIC5/new/projet_optimisation/nbody3D/maqao_2023-02-22_19-21-55/tools/lprof_npsu_run_0  #
###############################################################################################################################################################

