
* Info: Selecting the 'perf-low-ppn' engine for node DESKTOP-8JEBTPG

* Info: "ref-cycles" not supported on DESKTOP-8JEBTPG: fallback to "cpu-clock"
* Info: Process launched (host DESKTOP-8JEBTPG, process 2197)
[1mTotal memory size:[0m 393216 B, 384 KiB, 0 MiB

[1m Step    Time, s Interact/s  GFLOP/s[0m
    0  1.100e-01  2.440e+09     56.1 *
    1  9.513e-02  2.822e+09     64.9 *
    2  8.981e-02  2.989e+09     68.7 *
    3  8.994e-02  2.984e+09     68.6 
    4  9.700e-02  2.767e+09     63.6 
    5  9.496e-02  2.827e+09     65.0 
    6  1.178e-01  2.278e+09     52.4 
    7  1.055e-01  2.544e+09     58.5 
    8  8.825e-02  3.041e+09     70.0 
    9  1.288e-01  2.084e+09     47.9 
-----------------------------------------------------
[1mAverage performance:      [42m      60.9 +- 7.7 GFLOP/s[0m
-----------------------------------------------------

* Info: Process finished (host DESKTOP-8JEBTPG, process 2197)
* Info: Callchains info will be incomplete
* Info: Try to recompile your application with -fno-omit-frame-pointer or to rerun with btm=stack
* Info: Dumping samples (host DESKTOP-8JEBTPG, process 2197)
* Info: Dumping source info for callchain nodes (host DESKTOP-8JEBTPG, process 2197)
* Info: Building/writing metadata (host DESKTOP-8JEBTPG)
* Info: Finished collect step (host DESKTOP-8JEBTPG, process 2197)

Your experiment path is /mnt/d/isty/IATIC5/new/projet_optimisation/nbody3D/maqao_2023-02-22_23-07-49/tools/lprof_npsu_run_0

To display your profiling results:
###############################################################################################################################################################
#    LEVEL    |     REPORT     |                                                           COMMAND                                                            #
###############################################################################################################################################################
#  Functions  |  Cluster-wide  |  maqao lprof -df xp=/mnt/d/isty/IATIC5/new/projet_optimisation/nbody3D/maqao_2023-02-22_23-07-49/tools/lprof_npsu_run_0      #
#  Functions  |  Per-node      |  maqao lprof -df -dn xp=/mnt/d/isty/IATIC5/new/projet_optimisation/nbody3D/maqao_2023-02-22_23-07-49/tools/lprof_npsu_run_0  #
#  Functions  |  Per-process   |  maqao lprof -df -dp xp=/mnt/d/isty/IATIC5/new/projet_optimisation/nbody3D/maqao_2023-02-22_23-07-49/tools/lprof_npsu_run_0  #
#  Functions  |  Per-thread    |  maqao lprof -df -dt xp=/mnt/d/isty/IATIC5/new/projet_optimisation/nbody3D/maqao_2023-02-22_23-07-49/tools/lprof_npsu_run_0  #
#  Loops      |  Cluster-wide  |  maqao lprof -dl xp=/mnt/d/isty/IATIC5/new/projet_optimisation/nbody3D/maqao_2023-02-22_23-07-49/tools/lprof_npsu_run_0      #
#  Loops      |  Per-node      |  maqao lprof -dl -dn xp=/mnt/d/isty/IATIC5/new/projet_optimisation/nbody3D/maqao_2023-02-22_23-07-49/tools/lprof_npsu_run_0  #
#  Loops      |  Per-process   |  maqao lprof -dl -dp xp=/mnt/d/isty/IATIC5/new/projet_optimisation/nbody3D/maqao_2023-02-22_23-07-49/tools/lprof_npsu_run_0  #
#  Loops      |  Per-thread    |  maqao lprof -dl -dt xp=/mnt/d/isty/IATIC5/new/projet_optimisation/nbody3D/maqao_2023-02-22_23-07-49/tools/lprof_npsu_run_0  #
###############################################################################################################################################################

